[22:40:13] [ServerMain/INFO]: Environment: Environment[sessionHost=https://sessionserver.mojang.com, servicesHost=https://api.minecraftservices.com, name=PROD]
[22:40:15] [ServerMain/INFO]: Loaded 1174 recipes
[22:40:15] [ServerMain/INFO]: Loaded 1281 advancements
[22:40:15] [Server thread/INFO]: Starting minecraft server version 1.20.4
[22:40:15] [Server thread/INFO]: Loading properties
[22:40:15] [Server thread/INFO]: This server is running Paper version git-Paper-408 (MC: 1.20.4) (Implementing API version 1.20.4-R0.1-SNAPSHOT) (Git: c5d168c)
[22:40:16] [Server thread/INFO]: Server Ping Player Sample Count: 12
[22:40:16] [Server thread/INFO]: Using 4 threads for Netty based IO
[22:40:16] [Server thread/WARN]: [!] The timings profiler has been enabled but has been scheduled for removal from Paper in the future.
    We recommend installing the spark profiler as a replacement: https://spark.lucko.me/
    For more information please visit: https://github.com/PaperMC/Paper/issues/8948
[22:40:16] [Server thread/INFO]: [ChunkTaskScheduler] Chunk system is using 1 I/O threads, 1 worker threads, and gen parallelism of 1 threads
[22:40:16] [Server thread/INFO]: Default game type: SURVIVAL
[22:40:16] [Server thread/INFO]: Generating keypair
[22:40:17] [Server thread/INFO]: Starting Minecraft server on *:25565
[22:40:17] [Server thread/INFO]: Using epoll channel type
[22:40:17] [Server thread/INFO]: Paper: Using libdeflate (Linux x86_64) compression from Velocity.
[22:40:17] [Server thread/INFO]: Paper: Using OpenSSL 3.0.x (Linux x86_64) cipher from Velocity.
[22:40:17] [Server thread/INFO]: [ViaVersion] Loading server plugin ViaVersion v4.9.3-SNAPSHOT
[22:40:17] [Server thread/INFO]: [ViaVersion] ViaVersion 4.9.3-SNAPSHOT is now loaded. Registering protocol transformers and injecting...
[22:40:18] [Via-Mappingloader-0/INFO]: [ViaVersion] Loading block connection mappings ...
[22:40:18] [Via-Mappingloader-0/INFO]: [ViaVersion] Using FastUtil Long2ObjectOpenHashMap for block connections
[22:40:18] [Server thread/INFO]: [ViaBackwards] Loading translations...
[22:40:18] [Server thread/INFO]: [ViaBackwards] Registering protocols...
[22:40:19] [Server thread/INFO]: [ProtocolLib] Loading server plugin ProtocolLib v5.2.0-SNAPSHOT-679
[22:40:20] [Server thread/INFO]: [ViaBackwards] Loading server plugin ViaBackwards v4.9.2-SNAPSHOT
[22:40:20] [Server thread/INFO]: [SkinsRestorer] Loading server plugin SkinsRestorer v15.0.6
[22:40:20] [Server thread/INFO]: [spark] Loading server plugin spark v1.10.59
[22:40:20] [Server thread/INFO]: [dynmap] Loading server plugin dynmap v3.7-beta-4-935
[22:40:20] [Server thread/INFO]: [dynmap] version=git-Paper-408 (MC: 1.20.4)
[22:40:20] [Server thread/INFO]: [dynmap] Mod Support API available
[22:40:20] [Server thread/INFO]: [AuthMe] Loading server plugin AuthMe v5.6.0-beta2-b2453
[22:40:20] [Server thread/INFO]: [CoreProtect] Loading server plugin CoreProtect v22.2
[22:40:20] [Server thread/INFO]: [SpigotPing] Loading server plugin SpigotPing v2.6
[22:40:20] [Server thread/INFO]: Server permissions file permissions.yml is empty, ignoring it
[22:40:20] [Server thread/INFO]: [ProtocolLib] Enabling ProtocolLib v5.2.0-SNAPSHOT-679
[22:40:20] [Server thread/INFO]: [SkinsRestorer] Enabling SkinsRestorer v15.0.6
[22:40:21] [Server thread/INFO]: [SkinsRestorer] Running on Minecraft 1.20.4.
[22:40:21] [Server thread/INFO]: [SkinsRestorer] Using paper join listener!
[22:40:21] [Server thread/WARN]: **** SERVER IS RUNNING IN OFFLINE/INSECURE MODE!
[22:40:21] [Server thread/WARN]: The server will make no attempt to authenticate usernames. Beware.
[22:40:21] [Server thread/WARN]: While this makes the game possible to play without internet access, it also opens up the ability for hackers to connect with any username they choose.
[22:40:21] [Server thread/WARN]: To change this, set "online-mode" to "true" in the server.properties file.
[22:40:21] [Server thread/INFO]: Preparing level "world"
[22:40:21] [Folia Async Scheduler Thread #1/INFO]: [SkinsRestorer] ----------------------------------------------
[22:40:21] [Folia Async Scheduler Thread #1/INFO]: [SkinsRestorer]     +==================+
[22:40:21] [Folia Async Scheduler Thread #1/INFO]: [SkinsRestorer]     |   SkinsRestorer  |
[22:40:21] [Folia Async Scheduler Thread #1/INFO]: [SkinsRestorer]     |------------------|
[22:40:21] [Folia Async Scheduler Thread #1/INFO]: [SkinsRestorer]     |  Standalone Mode |
[22:40:21] [Folia Async Scheduler Thread #1/INFO]: [SkinsRestorer]     +==================+
[22:40:21] [Folia Async Scheduler Thread #1/INFO]: [SkinsRestorer] ----------------------------------------------
[22:40:21] [Folia Async Scheduler Thread #1/INFO]: [SkinsRestorer]     Version: 15.0.6
[22:40:21] [Folia Async Scheduler Thread #1/INFO]: [SkinsRestorer]     Commit: 3b21903
[22:40:21] [Folia Async Scheduler Thread #1/INFO]: [SkinsRestorer]     This is the latest version!
[22:40:21] [Folia Async Scheduler Thread #1/INFO]: [SkinsRestorer] ----------------------------------------------
[22:40:21] [Server thread/INFO]: Preparing start region for dimension minecraft:overworld
[22:40:21] [Server thread/INFO]: Time elapsed: 255 ms
[22:40:21] [Server thread/INFO]: Preparing start region for dimension minecraft:the_nether
[22:40:23] [Server thread/INFO]: Time elapsed: 1629 ms
[22:40:23] [Server thread/INFO]: Preparing start region for dimension minecraft:the_end
[22:40:23] [Server thread/INFO]: Time elapsed: 203 ms
[22:40:23] [Server thread/INFO]: [ViaVersion] Enabling ViaVersion v4.9.3-SNAPSHOT
[22:40:23] [Server thread/INFO]: [ViaVersion] ViaVersion detected server version: 1.20.3/1.20.4 (765)
[22:40:23] [Server thread/INFO]: [ViaBackwards] Enabling ViaBackwards v4.9.2-SNAPSHOT
[22:40:23] [Server thread/INFO]: [spark] Enabling spark v1.10.59
[22:40:24] [Server thread/INFO]: [spark] Using Paper ServerTickStartEvent for tick monitoring
[22:40:24] [Server thread/INFO]: [spark] Starting background profiler...
[22:40:24] [Server thread/INFO]: [dynmap] Enabling dynmap v3.7-beta-4-935
[22:40:25] [Server thread/INFO]: [dynmap] Added 20 custom biome mappings
[22:40:25] [Server thread/INFO]: [dynmap] Using Bukkit Permissions (superperms) for access control
[22:40:25] [Server thread/INFO]: [dynmap] Web interface permissions only available for online users
[22:40:25] [Server thread/INFO]: [dynmap] Mod Support processing completed
[22:40:28] [Server thread/INFO]: [dynmap] Loaded 27 shaders.
[22:40:28] [Server thread/INFO]: [dynmap] Loaded 83 perspectives.
[22:40:28] [Server thread/INFO]: [dynmap] Loaded 22 lightings.
[22:40:28] [Server thread/INFO]: [dynmap] Starting enter/exit processing
[22:40:28] [Dynmap Render Thread/INFO]: [dynmap] Finish marker initialization
[22:40:28] [Server thread/INFO]: [dynmap] Web server started on address 127.0.0.1:8123
[22:40:28] [Server thread/INFO]: [dynmap] version 3.7-beta-4-935 is enabled - core version 3.7-beta-4-935
[22:40:28] [Server thread/INFO]: [dynmap] For support, visit our Discord at https://discord.gg/s3rd5qn
[22:40:28] [Server thread/INFO]: [dynmap] For news, visit https://reddit.com/r/Dynmap or follow https://universeodon.com/@dynmap
[22:40:28] [Server thread/INFO]: [dynmap] To report or track bugs, visit https://github.com/webbukkit/dynmap/issues
[22:40:28] [Server thread/INFO]: [dynmap] If you'd like to donate, please visit https://www.patreon.com/dynmap or https://ko-fi.com/michaelprimm
[22:40:28] [Server thread/INFO]: [dynmap] Loaded 3 maps of world 'world'.
[22:40:28] [Server thread/INFO]: [dynmap] Loaded 6 pending tile renders for world 'world'
[22:40:28] [Server thread/INFO]: [dynmap] Loaded 2 maps of world 'world_nether'.
[22:40:28] [Server thread/INFO]: [dynmap] Loaded 2 maps of world 'world_the_end'.
[22:40:28] [Server thread/INFO]: [dynmap] Enabled
[22:40:28] [Server thread/INFO]: [AuthMe] Enabling AuthMe v5.6.0-beta2-b2453
[22:40:29] [Server thread/INFO]: [AuthMe] SQLite Setup finished
[22:40:29] [Server thread/INFO]: [AuthMe] No supported permissions system found! Permissions are disabled!
[22:40:29] [Server thread/INFO]: [AuthMe] AuthMe 5.6.0-beta2 build n.2453 successfully enabled!
[22:40:29] [Server thread/INFO]: [CoreProtect] Enabling CoreProtect v22.2
[22:40:29] [Dynmap Render Thread/INFO]: [dynmap] Loading default resource pack
[22:40:29] [Server thread/INFO]: [CoreProtect] CoreProtect has been successfully enabled! 
[22:40:29] [Server thread/INFO]: [CoreProtect] Using SQLite for data storage.
[22:40:29] [Server thread/INFO]: --------------------
[22:40:29] [Server thread/INFO]: [CoreProtect] Enjoy CoreProtect? Join our Discord!
[22:40:29] [Server thread/INFO]: [CoreProtect] Discord: www.coreprotect.net/discord/
[22:40:29] [Server thread/INFO]: --------------------
[22:40:29] [Server thread/INFO]: [SpigotPing] Enabling SpigotPing v2.6
[22:40:29] [Server thread/INFO]: [SpigotPing] TabList is enabled, task added with a delay of 5 second/s.
[22:40:29] [Server thread/INFO]: Running delayed init tasks
[22:40:29] [Craft Scheduler Thread - 2 - ViaVersion/INFO]: [ViaVersion] Finished mapping loading, shutting down loader executor!
[22:40:29] [Server thread/INFO]: Done (14.341s)! For help, type "help"
[22:40:29] [Server thread/INFO]: Timings Reset
[22:40:29] [Craft Scheduler Thread - 4 - AuthMe/INFO]: [AuthMe] Downloading GEO IP database, because the old database is older than 30 days or doesn't exist
[22:40:29] [Craft Scheduler Thread - 4 - AuthMe/WARN]: [AuthMe] No MaxMind credentials found in the configuration file! GeoIp protections will be disabled.
[22:40:29] [Craft Scheduler Thread - 4 - AuthMe/INFO]: [AuthMe] There is no newer GEO IP database uploaded to MaxMind. Using the old one for now.
[22:40:29] [Craft Scheduler Thread - 4 - AuthMe/WARN]: [AuthMe] Could not download GeoLiteAPI database [FileNotFoundException]: plugins/AuthMe/GeoLite2-Country.mmdb (No such file or directory)
[22:40:30] [Server thread/WARN]: [ViaVersion] You are running a development version of the plugin, please report any bugs to GitHub.
